  Game.cpp
C:\Users\PC\Documents\GitHub\Dungeon-Dash\DungeonDash\Game.cpp(159,31): warning C4018: '<': signed/unsigned mismatch
C:\Users\PC\Documents\GitHub\Dungeon-Dash\DungeonDash\Game.cpp(188,27): warning C4018: '<': signed/unsigned mismatch
C:\Users\PC\Documents\GitHub\Dungeon-Dash\DungeonDash\Game.cpp(193,27): warning C4018: '<': signed/unsigned mismatch
C:\Users\PC\Documents\GitHub\Dungeon-Dash\DungeonDash\Game.cpp(198,27): warning C4018: '<': signed/unsigned mismatch
C:\Users\PC\Documents\GitHub\Dungeon-Dash\DungeonDash\Game.cpp(303,30): warning C4018: '<': signed/unsigned mismatch
C:\Users\PC\Documents\GitHub\Dungeon-Dash\DungeonDash\Game.cpp(385,44): warning C4018: '<': signed/unsigned mismatch
C:\Users\PC\Documents\GitHub\Dungeon-Dash\DungeonDash\Game.cpp(387,51): warning C4018: '<': signed/unsigned mismatch
C:\Users\PC\Documents\GitHub\Dungeon-Dash\DungeonDash\Game.cpp(416,47): warning C4018: '<': signed/unsigned mismatch
C:\Users\PC\Documents\GitHub\Dungeon-Dash\DungeonDash\Game.cpp(418,53): warning C4018: '<': signed/unsigned mismatch
C:\Users\PC\Documents\GitHub\Dungeon-Dash\DungeonDash\Game.cpp(430,27): warning C4018: '<': signed/unsigned mismatch
C:\Users\PC\Documents\GitHub\Dungeon-Dash\DungeonDash\Game.cpp(445,30): warning C4244: 'initializing': conversion from 'int' to 'float', possible loss of data
C:\Users\PC\Documents\GitHub\Dungeon-Dash\DungeonDash\Game.cpp(480,27): warning C4018: '<': signed/unsigned mismatch
C:\Users\PC\Documents\GitHub\Dungeon-Dash\DungeonDash\Game.cpp(532,27): warning C4018: '<': signed/unsigned mismatch
C:\Users\PC\Documents\GitHub\Dungeon-Dash\DungeonDash\Game.cpp(560,27): warning C4018: '<': signed/unsigned mismatch
C:\Users\PC\Documents\GitHub\Dungeon-Dash\DungeonDash\Game.cpp(582,27): warning C4018: '<': signed/unsigned mismatch
C:\Users\PC\Documents\GitHub\Dungeon-Dash\DungeonDash\Game.cpp(615,56): warning C4018: '<': signed/unsigned mismatch
C:\Users\PC\Documents\GitHub\Dungeon-Dash\DungeonDash\Game.cpp(631,56): warning C4018: '<': signed/unsigned mismatch
C:\Users\PC\Documents\GitHub\Dungeon-Dash\DungeonDash\Game.cpp(647,56): warning C4018: '<': signed/unsigned mismatch
C:\Users\PC\Documents\GitHub\Dungeon-Dash\DungeonDash\Game.cpp(668,56): warning C4018: '<': signed/unsigned mismatch
C:\Users\PC\Documents\GitHub\Dungeon-Dash\DungeonDash\Game.cpp(684,56): warning C4018: '<': signed/unsigned mismatch
C:\Users\PC\Documents\GitHub\Dungeon-Dash\DungeonDash\Game.cpp(702,26): warning C4018: '<': signed/unsigned mismatch
C:\Users\PC\Documents\GitHub\Dungeon-Dash\DungeonDash\Game.cpp(704,51): warning C4018: '<': signed/unsigned mismatch
C:\Users\PC\Documents\GitHub\Dungeon-Dash\DungeonDash\Game.cpp(718,27): warning C4018: '<': signed/unsigned mismatch
C:\Users\PC\Documents\GitHub\Dungeon-Dash\DungeonDash\Game.cpp(724,27): warning C4018: '<': signed/unsigned mismatch
C:\Users\PC\Documents\GitHub\Dungeon-Dash\DungeonDash\Game.cpp(730,46): warning C4018: '<': signed/unsigned mismatch
C:\Users\PC\Documents\GitHub\Dungeon-Dash\DungeonDash\Game.cpp(732,51): warning C4018: '<': signed/unsigned mismatch
C:\Users\PC\Documents\GitHub\Dungeon-Dash\DungeonDash\Game.cpp(738,46): warning C4018: '<': signed/unsigned mismatch
C:\Users\PC\Documents\GitHub\Dungeon-Dash\DungeonDash\Game.cpp(740,49): warning C4018: '<': signed/unsigned mismatch
C:\Users\PC\Documents\GitHub\Dungeon-Dash\DungeonDash\Game.cpp(859,26): warning C4018: '<': signed/unsigned mismatch
C:\Users\PC\Documents\GitHub\Dungeon-Dash\DungeonDash\Game.cpp(874,26): warning C4018: '<': signed/unsigned mismatch
C:\Users\PC\Documents\GitHub\Dungeon-Dash\DungeonDash\Game.cpp(920,30): warning C4018: '<': signed/unsigned mismatch
C:\Users\PC\Documents\GitHub\Dungeon-Dash\DungeonDash\Game.cpp(930,30): warning C4018: '<': signed/unsigned mismatch
C:\Users\PC\Documents\GitHub\Dungeon-Dash\DungeonDash\Game.cpp(943,121): warning C4244: 'argument': conversion from 'unsigned int' to 'float', possible loss of data
C:\Users\PC\Documents\GitHub\Dungeon-Dash\DungeonDash\Game.cpp(943,73): warning C4244: 'argument': conversion from 'unsigned int' to 'float', possible loss of data
C:\Users\PC\Documents\GitHub\Dungeon-Dash\DungeonDash\Game.cpp(949,132): warning C4244: 'argument': conversion from 'unsigned int' to 'float', possible loss of data
C:\Users\PC\Documents\GitHub\Dungeon-Dash\DungeonDash\Game.cpp(949,82): warning C4244: 'argument': conversion from 'unsigned int' to 'float', possible loss of data
C:\Users\PC\Documents\GitHub\Dungeon-Dash\DungeonDash\Game.cpp(951,124): warning C4244: 'argument': conversion from 'unsigned int' to 'float', possible loss of data
C:\Users\PC\Documents\GitHub\Dungeon-Dash\DungeonDash\Game.cpp(951,80): warning C4244: 'argument': conversion from 'unsigned int' to 'float', possible loss of data
C:\Users\PC\Documents\GitHub\Dungeon-Dash\DungeonDash\Game.cpp(952,127): warning C4244: 'argument': conversion from 'unsigned int' to 'float', possible loss of data
C:\Users\PC\Documents\GitHub\Dungeon-Dash\DungeonDash\Game.cpp(952,79): warning C4244: 'argument': conversion from 'unsigned int' to 'float', possible loss of data
C:\Users\PC\Documents\GitHub\Dungeon-Dash\DungeonDash\Game.cpp(956,132): warning C4244: 'argument': conversion from 'unsigned int' to 'float', possible loss of data
C:\Users\PC\Documents\GitHub\Dungeon-Dash\DungeonDash\Game.cpp(956,82): warning C4244: 'argument': conversion from 'unsigned int' to 'float', possible loss of data
C:\Users\PC\Documents\GitHub\Dungeon-Dash\DungeonDash\Game.cpp(958,124): warning C4244: 'argument': conversion from 'unsigned int' to 'float', possible loss of data
C:\Users\PC\Documents\GitHub\Dungeon-Dash\DungeonDash\Game.cpp(958,80): warning C4244: 'argument': conversion from 'unsigned int' to 'float', possible loss of data
C:\Users\PC\Documents\GitHub\Dungeon-Dash\DungeonDash\Game.cpp(959,127): warning C4244: 'argument': conversion from 'unsigned int' to 'float', possible loss of data
C:\Users\PC\Documents\GitHub\Dungeon-Dash\DungeonDash\Game.cpp(959,79): warning C4244: 'argument': conversion from 'unsigned int' to 'float', possible loss of data
C:\Users\PC\Documents\GitHub\Dungeon-Dash\DungeonDash\Game.cpp(970,120): warning C4244: 'argument': conversion from 'unsigned int' to 'float', possible loss of data
C:\Users\PC\Documents\GitHub\Dungeon-Dash\DungeonDash\Game.cpp(970,76): warning C4244: 'argument': conversion from 'unsigned int' to 'float', possible loss of data
C:\Users\PC\Documents\GitHub\Dungeon-Dash\DungeonDash\Game.cpp(971,123): warning C4244: 'argument': conversion from 'unsigned int' to 'float', possible loss of data
C:\Users\PC\Documents\GitHub\Dungeon-Dash\DungeonDash\Game.cpp(971,75): warning C4244: 'argument': conversion from 'unsigned int' to 'float', possible loss of data
C:\Users\PC\Documents\GitHub\Dungeon-Dash\DungeonDash\Game.cpp(1005,23): warning C4018: '<': signed/unsigned mismatch
  Generating code
  2 of 680 functions ( 0.3%) were compiled, the rest were copied from previous compilation.
    0 functions were new in current compilation
    1 functions had inline decision re-evaluated but remain unchanged
  Finished generating code
  DungeonDash.vcxproj -> C:\Users\PC\Documents\GitHub\Dungeon-Dash\DungeonDash\Release\DungeonDash.exe
