c:\users\pc\documents\github\dungeon-dash\dungeondash\debug\vc142.pdb
c:\users\pc\documents\github\dungeon-dash\dungeondash\debug\vc142.idb
c:\users\pc\documents\github\dungeon-dash\dungeondash\debug\background.obj
c:\users\pc\documents\github\dungeon-dash\dungeondash\debug\player.obj
c:\users\pc\documents\github\dungeon-dash\dungeondash\debug\main.obj
c:\users\pc\documents\github\dungeon-dash\dungeondash\debug\gameobject.obj
c:\users\pc\documents\github\dungeon-dash\dungeondash\debug\game.obj
c:\users\pc\documents\github\dungeon-dash\dungeondash\debug\shaun.obj
c:\users\pc\documents\github\dungeon-dash\dungeondash\debug\john.obj
c:\users\pc\documents\github\dungeon-dash\dungeondash\debug\buttons.obj
c:\users\pc\documents\github\dungeon-dash\dungeondash\debug\titlebackground.obj
c:\users\pc\documents\github\dungeon-dash\dungeondash\debug\twoplayerbutton.obj
c:\users\pc\documents\github\dungeon-dash\dungeondash\debug\oneplayerbutton.obj
c:\users\pc\documents\github\dungeon-dash\dungeondash\debug\titlebutton.obj
c:\users\pc\documents\github\dungeon-dash\dungeondash\debug\enemy.obj
c:\users\pc\documents\github\dungeon-dash\dungeondash\debug\dart.obj
c:\users\pc\documents\github\dungeon-dash\dungeondash\debug\brick.obj
c:\users\pc\documents\github\dungeon-dash\dungeondash\debug\sword.obj
c:\users\pc\documents\github\dungeon-dash\dungeondash\debug\gamebackground.obj
c:\users\pc\documents\github\dungeon-dash\dungeondash\debug\menubackground.obj
c:\users\pc\documents\github\dungeon-dash\dungeondash\debug\powerup.obj
c:\users\pc\documents\github\dungeon-dash\dungeondash\debug\pistol.obj
c:\users\pc\documents\github\dungeon-dash\dungeondash\debug\bullet.obj
c:\users\pc\documents\github\dungeon-dash\dungeondash\debug\coin.obj
c:\users\pc\documents\github\dungeon-dash\dungeondash\debug\text.obj
c:\users\pc\documents\github\dungeon-dash\dungeondash\debug\spikeshoe.obj
c:\users\pc\documents\github\dungeon-dash\dungeondash\debug\brokenwatch.obj
c:\users\pc\documents\github\dungeon-dash\dungeondash\debug\olddrink.obj
c:\users\pc\documents\github\dungeon-dash\dungeondash\debug\shaunghost.obj
c:\users\pc\documents\github\dungeon-dash\dungeondash\debug\johnghost.obj
c:\users\pc\documents\github\dungeon-dash\dungeondash\debug\endscreen.obj
c:\users\pc\documents\github\dungeon-dash\dungeondash\debug\laser.obj
c:\users\pc\documents\github\dungeon-dash\dungeondash\debug\block.obj
c:\users\pc\documents\github\dungeon-dash\dungeondash\debug\animation.obj
c:\users\pc\documents\github\dungeon-dash\dungeondash\debug\animatingobject.obj
c:\users\pc\documents\github\dungeon-dash\dungeondash\debug\dungeondash.exe
c:\users\pc\documents\github\dungeon-dash\dungeondash\debug\dungeondash.ilk
c:\users\pc\documents\github\dungeon-dash\dungeondash\debug\dungeondash.pdb
c:\users\pc\documents\github\dungeon-dash\dungeondash\debug\game.obj.enc
c:\users\pc\documents\github\dungeon-dash\dungeondash\debug\dungeondash.tlog\cl.command.1.tlog
c:\users\pc\documents\github\dungeon-dash\dungeondash\debug\dungeondash.tlog\cl.read.1.tlog
c:\users\pc\documents\github\dungeon-dash\dungeondash\debug\dungeondash.tlog\cl.write.1.tlog
c:\users\pc\documents\github\dungeon-dash\dungeondash\debug\dungeondash.tlog\link.command.1.tlog
c:\users\pc\documents\github\dungeon-dash\dungeondash\debug\dungeondash.tlog\link.read.1.tlog
c:\users\pc\documents\github\dungeon-dash\dungeondash\debug\dungeondash.tlog\link.write.1.tlog
